W0409 06:37:24.114000 44333 torch/distributed/run.py:803] 
W0409 06:37:24.114000 44333 torch/distributed/run.py:803] *****************************************
W0409 06:37:24.114000 44333 torch/distributed/run.py:803] Setting OMP_NUM_THREADS environment variable for each process to be 1 in default, to avoid your system being overloaded, please further tune the variable for optimal performance in your application as needed. 
W0409 06:37:24.114000 44333 torch/distributed/run.py:803] *****************************************
Hyperparameters:
  adam_eps: 1e-08
  adam_wd: 0.02
  beta1: 0.9
  beta2: 0.95
  compressor: brotli
  data_dir: ./data/
  datasets_dir: ./data/datasets/fineweb10B_sp8192
  distributed: True
  ema_decay: 0.9965
  embed_bits: 8
  embed_clip_sigmas: 20.0
  embed_lr: 0.6
  embed_wd: 0.085
  embedding_dim: 512
  enable_looping_at: 0.35
  etlb_clip: 3.0
  etlb_enabled: False
  etlb_lr: 0.05
  etlb_steps: 5
  eval_seq_len: 2048
  eval_stride: 64
  gptq_calibration_batches: 64
  gptq_reserve_seconds: 12.0
  grad_accum_steps: 1
  grad_clip_norm: 0.3
  head_lr: 0.008
  is_main_process: True
  iterations: 20000
  ln_scale: True
  local_rank: 0
  logfile: logs/20616371-ddc0-45c3-8421-7f3cda028b2c.txt
  logit_softcap: 30.0
  loop_end: 5
  loop_start: 3
  matrix_bits: 6
  matrix_clip_sigmas: 12.85
  matrix_lr: 0.022
  max_wallclock_seconds: 600.0
  min_lr: 0.0
  mlp_mult: 4.0
  model_dim: 512
  model_path: final_model.pt
  muon_backend_steps: 5
  muon_beta2: 0.95
  muon_momentum: 0.99
  muon_momentum_warmup_start: 0.92
  muon_momentum_warmup_steps: 1500
  muon_row_normalize: True
  muon_wd: 0.095
  num_heads: 8
  num_kv_heads: 4
  num_layers: 11
  num_loops: 2
  parallel_residual_start: 7
  qk_gain_init: 5.25
  quantized_model_path: final_model.int6.ptz
  rank: 0
  rope_base: 10000.0
  rope_dims: 16
  rope_train_seq_len: 2048
  run_id: 20616371-ddc0-45c3-8421-7f3cda028b2c
  scalar_lr: 0.02
  seed: 999
  skip_gates_enabled: True
  sliding_window_enabled: True
  tie_embeddings: True
  tied_embed_init_std: 0.005
  tied_embed_lr: 0.03
  tokenizer_path: ./data/tokenizers/fineweb_8192_bpe.model
  train_batch_tokens: 786432
  train_files: ./data/datasets/fineweb10B_sp8192/fineweb_train_*.bin
  train_log_every: 500
  train_seq_len: 2048
  ttt_chunk_tokens: 32768
  ttt_enabled: True
  ttt_epochs: 3
  ttt_lr: 0.005
  ttt_momentum: 0.9
  val_batch_tokens: 524288
  val_files: ./data/datasets/fineweb10B_sp8192/fineweb_val_*.bin
  val_loss_every: 4000
  vocab_size: 8192
  warmdown_frac: 0.72
  warmup_steps: 20
  world_size: 8
  xsa_last_n: 11
train_shards: 128
val_tokens: 40540160
model_params:35944536
gptq:reserving 12s, effective=588000ms
warmup_step: 1/20
warmup_step: 2/20
warmup_step: 3/20
warmup_step: 4/20
warmup_step: 5/20
warmup_step: 6/20
warmup_step: 10/20
warmup_step: 20/20
loop_warmup:enabled encoder:[0, 1, 2, 3, 4, 5, 3, 4] decoder:[5, 3, 4, 5, 6, 7, 8, 9, 10]
loop_warmup_step: 1/20
loop_warmup_step: 2/20
loop_warmup_step: 3/20
loop_warmup_step: 4/20
loop_warmup_step: 5/20
loop_warmup_step: 6/20
loop_warmup_step: 10/20
loop_warmup_step: 20/20
0/20000 val_loss: 9.0076 val_bpb: 3.4871
1/20000 train_loss: 9.0093 train_time: 0.0m tok/s: 8343627
2/20000 train_loss: 12.3279 train_time: 0.0m tok/s: 8070345
3/20000 train_loss: 11.1545 train_time: 0.0m tok/s: 7890271
4/20000 train_loss: 9.4800 train_time: 0.0m tok/s: 7814520
5/20000 train_loss: 8.3867 train_time: 0.0m tok/s: 7769044
500/20000 train_loss: 3.3423 train_time: 0.9m tok/s: 7693163
1000/20000 train_loss: 3.1961 train_time: 1.7m tok/s: 7693467
1500/20000 train_loss: 3.1007 train_time: 2.6m tok/s: 7700057
2000/20000 train_loss: 3.0684 train_time: 3.4m tok/s: 7704062
layer_loop:enabled step:2016 frac:0.350 encoder:[0, 1, 2, 3, 4, 5, 3, 4] decoder:[5, 3, 4, 5, 6, 7, 8, 9, 10]
2500/20000 train_loss: 3.0672 train_time: 4.6m tok/s: 7055482
3000/20000 train_loss: 2.9468 train_time: 5.9m tok/s: 6666746
3500/20000 train_loss: 2.9729 train_time: 7.2m tok/s: 6414421
4000/20000 train_loss: 2.9128 train_time: 8.4m tok/s: 6233960
4000/20000 val_loss: 2.8745 val_bpb: 1.1128
4500/20000 train_loss: 2.7632 train_time: 9.7m tok/s: 6104373
4555/20000 val_loss: 2.8132 val_bpb: 1.0891
stopping_early: wallclock_cap train_time: 588014ms step: 4555/20000
peak memory allocated: 39046 MiB reserved: 39070 MiB
ema:applying EMA weights
pre-quantization post-ema val_loss:2.81014279 val_bpb:1.08789385 eval_time:6851ms
Serialized model: 135431033 bytes
Code size: 16594 bytes
GPTQ:collecting Hessians from calibration data...
GPTQ:collected 67 Hessians in 12.7s
Quantized weights:
  gptq (int6): blocks.attn.c_k.weight, blocks.attn.c_q.weight, blocks.attn.c_v.weight, blocks.attn.proj.weight, blocks.mlp.fc.weight, blocks.mlp.proj.weight
  gptq (int8): tok_emb.weight
  passthrough (float16): blocks.attn.q_gain, blocks.attn_scale, blocks.mlp_scale, blocks.resid_mix, skip_gates, skip_weights
Serialized model quantized+brotli: 15976638 bytes
Total submission size quantized+brotli: 15993232 bytes
quantized val_loss:2.83957454 val_bpb:1.09928779 eval_time:8681ms
quantized_sliding_window val_loss:2.79659675 val_bpb:1.08264975 eval_time:93831ms
ttt:start chunks=1238 ttt_lr=0.005 ttt_epochs=3
quantized_ttt val_loss:2.79281076 val_bpb:1.08118408 eval_time:318003ms
